Using pre-set license
Built from '2022.3/staging' branch; Version is '2022.3.4f1 (35713cd46cd7) revision 3502396'; Using compiler version '192829333'; Build Type 'Release'
OS: 'Windows 10  (10.0.19045) 64bit Enterprise' Language: 'en' Physical Memory: 32512 MB
BatchMode: 1, IsHumanControllingUs: 0, StartBugReporterOnCrash: 0, Is64bit: 1, IsPro: 1

COMMAND LINE ARGUMENTS:
C:\Program Files\Unity\Hub\Editor\2022.3.4f1\Editor\Unity.exe
-adb2
-batchMode
-noUpm
-name
AssetImportWorker0
-projectPath
C:/Users/n013403n/Downloads/Map Gen System
-logFile
Logs/AssetImportWorker0.log
-srvPort
56286
Successfully changed project path to: C:/Users/n013403n/Downloads/Map Gen System
C:/Users/n013403n/Downloads/Map Gen System
[UnityMemory] Configuration Parameters - Can be set up in boot.config
    "memorysetup-bucket-allocator-granularity=16"
    "memorysetup-bucket-allocator-bucket-count=8"
    "memorysetup-bucket-allocator-block-size=33554432"
    "memorysetup-bucket-allocator-block-count=8"
    "memorysetup-main-allocator-block-size=16777216"
    "memorysetup-thread-allocator-block-size=16777216"
    "memorysetup-gfx-main-allocator-block-size=16777216"
    "memorysetup-gfx-thread-allocator-block-size=16777216"
    "memorysetup-cache-allocator-block-size=4194304"
    "memorysetup-typetree-allocator-block-size=2097152"
    "memorysetup-profiler-bucket-allocator-granularity=16"
    "memorysetup-profiler-bucket-allocator-bucket-count=8"
    "memorysetup-profiler-bucket-allocator-block-size=33554432"
    "memorysetup-profiler-bucket-allocator-block-count=8"
    "memorysetup-profiler-allocator-block-size=16777216"
    "memorysetup-profiler-editor-allocator-block-size=1048576"
    "memorysetup-temp-allocator-size-main=16777216"
    "memorysetup-job-temp-allocator-block-size=2097152"
    "memorysetup-job-temp-allocator-block-size-background=1048576"
    "memorysetup-job-temp-allocator-reduction-small-platforms=262144"
    "memorysetup-allocator-temp-initial-block-size-main=262144"
    "memorysetup-allocator-temp-initial-block-size-worker=262144"
    "memorysetup-temp-allocator-size-background-worker=32768"
    "memorysetup-temp-allocator-size-job-worker=262144"
    "memorysetup-temp-allocator-size-preload-manager=33554432"
    "memorysetup-temp-allocator-size-nav-mesh-worker=65536"
    "memorysetup-temp-allocator-size-audio-worker=65536"
    "memorysetup-temp-allocator-size-cloud-worker=32768"
    "memorysetup-temp-allocator-size-gi-baking-worker=262144"
    "memorysetup-temp-allocator-size-gfx=262144"
Player connection [17440] Host "[IP] 10.6.118.93 [Port] 0 [Flags] 2 [Guid] 1573322225 [EditorId] 1573322225 [Version] 1048832 [Id] WindowsEditor(7,C117A-43) [Debug] 1 [PackageName] WindowsEditor [ProjectName] Editor" joined multi-casting on [225.0.0.222:54997]...

Player connection [17440] Host "[IP] 10.6.118.93 [Port] 0 [Flags] 2 [Guid] 1573322225 [EditorId] 1573322225 [Version] 1048832 [Id] WindowsEditor(7,C117A-43) [Debug] 1 [PackageName] WindowsEditor [ProjectName] Editor" joined alternative multi-casting on [225.0.0.222:34997]...

Refreshing native plugins compatible for Editor in 8.60 ms, found 4 plugins.
Preloading 0 native plugins for Editor in 0.00 ms.
Initialize engine version: 2022.3.4f1 (35713cd46cd7)
[Subsystems] Discovering subsystems at path C:/Program Files/Unity/Hub/Editor/2022.3.4f1/Editor/Data/Resources/UnitySubsystems
[Subsystems] Discovering subsystems at path C:/Users/n013403n/Downloads/Map Gen System/Assets
GfxDevice: creating device client; threaded=0; jobified=0
Direct3D:
    Version:  Direct3D 11.0 [level 11.1]
    Renderer: NVIDIA GeForce RTX 3080 (ID=0x2216)
    Vendor:   NVIDIA
    VRAM:     10067 MB
    Driver:   31.0.15.3667
Initialize mono
Mono path[0] = 'C:/Program Files/Unity/Hub/Editor/2022.3.4f1/Editor/Data/Managed'
Mono path[1] = 'C:/Program Files/Unity/Hub/Editor/2022.3.4f1/Editor/Data/MonoBleedingEdge/lib/mono/unityjit-win32'
Mono config path = 'C:/Program Files/Unity/Hub/Editor/2022.3.4f1/Editor/Data/MonoBleedingEdge/etc'
Using monoOptions --debugger-agent=transport=dt_socket,embedding=1,server=y,suspend=n,address=127.0.0.1:56076
Begin MonoManager ReloadAssembly
Registering precompiled unity dll's ...
Register platform support module: C:/Program Files/Unity/Hub/Editor/2022.3.4f1/Editor/Data/PlaybackEngines/WebGLSupport/UnityEditor.WebGL.Extensions.dll
Register platform support module: C:/Program Files/Unity/Hub/Editor/2022.3.4f1/Editor/Data/PlaybackEngines/AndroidPlayer/UnityEditor.Android.Extensions.dll
Register platform support module: C:/Program Files/Unity/Hub/Editor/2022.3.4f1/Editor/Data/PlaybackEngines/WindowsStandaloneSupport/UnityEditor.WindowsStandalone.Extensions.dll
Registered in 0.009888 seconds.
- Loaded All Assemblies, in  0.291 seconds
Native extension for WindowsStandalone target not found
Native extension for Android target not found
Android Extension - Scanning For ADB Devices 223 ms
Native extension for WebGL target not found
Mono: successfully reloaded assembly
- Finished resetting the current domain, in  0.495 seconds
Domain Reload Profiling: 785ms
	BeginReloadAssembly (72ms)
		ExecutionOrderSort (0ms)
		DisableScriptedObjects (0ms)
		BackupInstance (0ms)
		ReleaseScriptingObjects (0ms)
		CreateAndSetChildDomain (1ms)
	RebuildCommonClasses (27ms)
	RebuildNativeTypeToScriptingClass (8ms)
	initialDomainReloadingComplete (54ms)
	LoadAllAssembliesAndSetupDomain (127ms)
		LoadAssemblies (72ms)
		RebuildTransferFunctionScriptingTraits (0ms)
		AnalyzeDomain (121ms)
			TypeCache.Refresh (121ms)
				TypeCache.ScanAssembly (111ms)
			ScanForSourceGeneratedMonoScriptInfo (0ms)
			ResolveRequiredComponents (0ms)
	FinalizeReload (496ms)
		ReleaseScriptCaches (0ms)
		RebuildScriptCaches (0ms)
		SetupLoadedEditorAssemblies (450ms)
			LogAssemblyErrors (0ms)
			InitializePlatformSupportModulesInManaged (330ms)
			SetLoadedEditorAssemblies (3ms)
			RefreshPlugins (0ms)
			BeforeProcessingInitializeOnLoad (2ms)
			ProcessInitializeOnLoadAttributes (78ms)
			ProcessInitializeOnLoadMethodAttributes (35ms)
			AfterProcessingInitializeOnLoad (0ms)
			EditorAssembliesLoaded (0ms)
		ExecutionOrderSort2 (0ms)
		AwakeInstancesAfterBackupRestoration (0ms)
========================================================================
Worker process is ready to serve import requests
Begin MonoManager ReloadAssembly
Symbol file LoadedFromMemory doesn't match image C:\Users\n013403n\Downloads\Map Gen System\Library\PackageCache\com.unity.visualscripting@1.8.0\Editor\VisualScripting.Core\Dependencies\YamlDotNet\Unity.VisualScripting.YamlDotNet.dll
Symbol file LoadedFromMemory doesn't match image C:\Users\n013403n\Downloads\Map Gen System\Library\PackageCache\com.unity.visualscripting@1.8.0\Editor\VisualScripting.Core\Dependencies\DotNetZip\Unity.VisualScripting.IonicZip.dll
- Loaded All Assemblies, in  0.624 seconds
Refreshing native plugins compatible for Editor in 4.43 ms, found 4 plugins.
Native extension for WindowsStandalone target not found
Native extension for Android target not found
Native extension for WebGL target not found
Mono: successfully reloaded assembly
- Finished resetting the current domain, in  0.462 seconds
Domain Reload Profiling: 1083ms
	BeginReloadAssembly (110ms)
		ExecutionOrderSort (0ms)
		DisableScriptedObjects (4ms)
		BackupInstance (0ms)
		ReleaseScriptingObjects (0ms)
		CreateAndSetChildDomain (18ms)
	RebuildCommonClasses (27ms)
	RebuildNativeTypeToScriptingClass (8ms)
	initialDomainReloadingComplete (37ms)
	LoadAllAssembliesAndSetupDomain (439ms)
		LoadAssemblies (249ms)
		RebuildTransferFunctionScriptingTraits (0ms)
		AnalyzeDomain (243ms)
			TypeCache.Refresh (223ms)
				TypeCache.ScanAssembly (209ms)
			ScanForSourceGeneratedMonoScriptInfo (17ms)
			ResolveRequiredComponents (3ms)
	FinalizeReload (462ms)
		ReleaseScriptCaches (0ms)
		RebuildScriptCaches (0ms)
		SetupLoadedEditorAssemblies (321ms)
			LogAssemblyErrors (0ms)
			InitializePlatformSupportModulesInManaged (22ms)
			SetLoadedEditorAssemblies (3ms)
			RefreshPlugins (0ms)
			BeforeProcessingInitializeOnLoad (64ms)
			ProcessInitializeOnLoadAttributes (195ms)
			ProcessInitializeOnLoadMethodAttributes (30ms)
			AfterProcessingInitializeOnLoad (6ms)
			EditorAssembliesLoaded (0ms)
		ExecutionOrderSort2 (0ms)
		AwakeInstancesAfterBackupRestoration (4ms)
Launched and connected shader compiler UnityShaderCompiler.exe after 0.05 seconds
Refreshing native plugins compatible for Editor in 6.46 ms, found 4 plugins.
Preloading 0 native plugins for Editor in 0.00 ms.
Unloading 3999 Unused Serialized files (Serialized files now loaded: 0)
Unloading 69 unused Assets / (244.9 KB). Loaded Objects now: 4460.
Memory consumption went from 144.3 MB to 144.1 MB.
Total: 3.927200 ms (FindLiveObjects: 0.398900 ms CreateObjectMapping: 0.177600 ms MarkObjects: 3.072500 ms  DeleteObjects: 0.277300 ms)

AssetImportParameters requested are different than current active one (requested -> active):
  custom:container-demuxer-ogg: 62fdf1f143b41e24485cea50d1cbac27 -> 
  custom:video-codec-MediaFoundation-h265: e54d7ab0439102e2317fc1e4b246158d -> 
  custom:video-decoder-ogg-theora: a1e56fd34408186e4bbccfd4996cb3dc -> 
  custom:framework-win-MediaFoundation: 216162199b28c13a410421893ffa2e32 -> 
  custom:CustomObjectIndexerAttribute: 756ad292c208cfabdd7b50bc23989ffe -> 
  custom:container-demuxer-webm: 4f35f7cbe854078d1ac9338744f61a02 -> 
  custom:container-muxer-webm: aa71ff27fc2769a1b78a27578f13a17b -> 
  custom:video-decoder-webm-vp8: 9c59270c3fd7afecdb556c50c9e8de78 -> 
  custom:AudioImporter_EditorPlatform: d09bf68614088b80899f8185d706f6e7 -> 
  custom:video-encoder-webm-vp8: eb34c28f22e8b96e1ab97ce403110664 -> 
  custom:audio-decoder-ogg-vorbis: bf7c407c2cedff20999df2af8eb42d56 -> 
  custom:audio-encoder-webm-vorbis: bf7c407c2cedff20999df2af8eb42d56 -> 
========================================================================
Received Import Request.
  Time since last request: 50279.141453 seconds.
  path: Assets/Sprout Lands - Sprites - Basic pack
  artifactKey: Guid(0aaa277461090e74e9ec34fc1763fc81) Importer(815301076,1909f56bfc062723c751e8b465ee728b)
Start importing Assets/Sprout Lands - Sprites - Basic pack using Guid(0aaa277461090e74e9ec34fc1763fc81) Importer(815301076,1909f56bfc062723c751e8b465ee728b)  -> (artifact id: '4dc2e84ba3d65fabefcf0ba2c53f5016') in 0.002587 seconds
Number of updated asset objects reloaded before import = 0
Number of asset objects unloaded after import = 0
========================================================================
Received Import Request.
  Time since last request: 17.720413 seconds.
  path: Assets/Sprout Lands - Sprites - Basic pack/Sprout Lands - Sprites - Basic pack/Sprout Lands color pallet
  artifactKey: Guid(6894d940e8aa9a64aa296a25e0a82559) Importer(815301076,1909f56bfc062723c751e8b465ee728b)
Start importing Assets/Sprout Lands - Sprites - Basic pack/Sprout Lands - Sprites - Basic pack/Sprout Lands color pallet using Guid(6894d940e8aa9a64aa296a25e0a82559) Importer(815301076,1909f56bfc062723c751e8b465ee728b)  -> (artifact id: 'cc0ab5833e6e706b4392efd1731d70ea') in 0.000457 seconds
Number of updated asset objects reloaded before import = 0
Number of asset objects unloaded after import = 0
========================================================================
Received Import Request.
  Time since last request: 0.073053 seconds.
  path: Assets/Sprout Lands - Sprites - Basic pack/Sprout Lands - Sprites - Basic pack/Sprout Lands color pallet/Sprout Lands defautlt palette.aseprite
  artifactKey: Guid(788ff6cd2ca06184395bc369700ae704) Importer(815301076,1909f56bfc062723c751e8b465ee728b)
Start importing Assets/Sprout Lands - Sprites - Basic pack/Sprout Lands - Sprites - Basic pack/Sprout Lands color pallet/Sprout Lands defautlt palette.aseprite using Guid(788ff6cd2ca06184395bc369700ae704) Importer(815301076,1909f56bfc062723c751e8b465ee728b)  -> (artifact id: '215baae59f2887f9f293cc0e76fdde82') in 0.109834 seconds
Number of updated asset objects reloaded before import = 0
Number of asset objects unloaded after import = 7
========================================================================
Received Import Request.
  Time since last request: 4.649358 seconds.
  path: Assets/Sprout Lands - Sprites - Basic pack/Sprout Lands - Sprites - Basic pack/Tilesets
  artifactKey: Guid(77a50d5ad92a7714d99382aa0e206223) Importer(815301076,1909f56bfc062723c751e8b465ee728b)
Start importing Assets/Sprout Lands - Sprites - Basic pack/Sprout Lands - Sprites - Basic pack/Tilesets using Guid(77a50d5ad92a7714d99382aa0e206223) Importer(815301076,1909f56bfc062723c751e8b465ee728b)  -> (artifact id: '2caf88ef59c5ff1abd7e7657e671d342') in 0.000526 seconds
Number of updated asset objects reloaded before import = 0
Number of asset objects unloaded after import = 0
========================================================================
Received Import Request.
  Time since last request: 0.061056 seconds.
  path: Assets/Sprout Lands - Sprites - Basic pack/Sprout Lands - Sprites - Basic pack/Tilesets/Bitmask references 1.png
  artifactKey: Guid(85d5c1b1ef0e81c40a5f58c8ddbe99a8) Importer(815301076,1909f56bfc062723c751e8b465ee728b)
Start importing Assets/Sprout Lands - Sprites - Basic pack/Sprout Lands - Sprites - Basic pack/Tilesets/Bitmask references 1.png using Guid(85d5c1b1ef0e81c40a5f58c8ddbe99a8) Importer(815301076,1909f56bfc062723c751e8b465ee728b)  -> (artifact id: 'f1bd440fbce15cf034c319c890fc5591') in 0.022244 seconds
Number of updated asset objects reloaded before import = 0
Number of asset objects unloaded after import = 3
========================================================================
Received Import Request.
  Time since last request: 0.000021 seconds.
  path: Assets/Sprout Lands - Sprites - Basic pack/Sprout Lands - Sprites - Basic pack/Tilesets/Fences.png
  artifactKey: Guid(72af29ac81c7fee4986798acb80f7115) Importer(815301076,1909f56bfc062723c751e8b465ee728b)
Start importing Assets/Sprout Lands - Sprites - Basic pack/Sprout Lands - Sprites - Basic pack/Tilesets/Fences.png using Guid(72af29ac81c7fee4986798acb80f7115) Importer(815301076,1909f56bfc062723c751e8b465ee728b)  -> (artifact id: '22f9b9ff0e4ef65c01ee671ac7029fc9') in 0.027563 seconds
Number of updated asset objects reloaded before import = 0
Number of asset objects unloaded after import = 3
========================================================================
Received Import Request.
  Time since last request: 0.000019 seconds.
  path: Assets/Sprout Lands - Sprites - Basic pack/Sprout Lands - Sprites - Basic pack/Tilesets/Wooden House.png
  artifactKey: Guid(c3d9307b6c897704bb3312df86b3ff1f) Importer(815301076,1909f56bfc062723c751e8b465ee728b)
Start importing Assets/Sprout Lands - Sprites - Basic pack/Sprout Lands - Sprites - Basic pack/Tilesets/Wooden House.png using Guid(c3d9307b6c897704bb3312df86b3ff1f) Importer(815301076,1909f56bfc062723c751e8b465ee728b)  -> (artifact id: '1dce54c3b3f1c6b904f1a4f6066a339b') in 0.030866 seconds
Number of updated asset objects reloaded before import = 0
Number of asset objects unloaded after import = 3
========================================================================
Received Import Request.
  Time since last request: 0.000015 seconds.
  path: Assets/Sprout Lands - Sprites - Basic pack/Sprout Lands - Sprites - Basic pack/Tilesets/Water.png
  artifactKey: Guid(2d6eb178387305c40b9b3f5a1e962658) Importer(815301076,1909f56bfc062723c751e8b465ee728b)
Start importing Assets/Sprout Lands - Sprites - Basic pack/Sprout Lands - Sprites - Basic pack/Tilesets/Water.png using Guid(2d6eb178387305c40b9b3f5a1e962658) Importer(815301076,1909f56bfc062723c751e8b465ee728b)  -> (artifact id: 'eb4e43767eb3dca2d7a73c182b620fb7') in 0.019008 seconds
Number of updated asset objects reloaded before import = 0
Number of asset objects unloaded after import = 3
========================================================================
Received Import Request.
  Time since last request: 28.073081 seconds.
  path: Assets/Sprout Lands - Sprites - Basic pack/read_me.txt
  artifactKey: Guid(58d3f90e3b427404b974876bdab4ba46) Importer(2089858483,0ecaa5967403d082aa24f35e1b516d23)
Start importing Assets/Sprout Lands - Sprites - Basic pack/read_me.txt using Guid(58d3f90e3b427404b974876bdab4ba46) Importer(2089858483,0ecaa5967403d082aa24f35e1b516d23) Generated GUIDs only implemented for interfaces!
 -> (artifact id: '47ada8033bb20e5a231b1e68cdc0c6cc') in 0.065940 seconds
Number of updated asset objects reloaded before import = 0
Number of asset objects unloaded after import = 1
========================================================================
Received Import Request.
  Time since last request: 0.000022 seconds.
  path: Assets/Sprout Lands - Sprites - Basic pack/Sprout Lands - Sprites - Basic pack/Objects/Paths.png
  artifactKey: Guid(bd122950664d11a438813696ad84d2a1) Importer(2089858483,0ecaa5967403d082aa24f35e1b516d23)
Start importing Assets/Sprout Lands - Sprites - Basic pack/Sprout Lands - Sprites - Basic pack/Objects/Paths.png using Guid(bd122950664d11a438813696ad84d2a1) Importer(2089858483,0ecaa5967403d082aa24f35e1b516d23) Generated GUIDs only implemented for interfaces!
 -> (artifact id: '198dd8c29bd065a431292de3e42d6ab7') in 0.071686 seconds
Number of updated asset objects reloaded before import = 0
Number of asset objects unloaded after import = 3
========================================================================
Received Import Request.
  Time since last request: 0.000053 seconds.
  path: Assets/Sprout Lands - Sprites - Basic pack/Sprout Lands - Sprites - Basic pack/Objects/Simple_Milk_and_grass_item.png
  artifactKey: Guid(772b2ac6aab33f942a263f7aa6d4bf4c) Importer(2089858483,0ecaa5967403d082aa24f35e1b516d23)
Start importing Assets/Sprout Lands - Sprites - Basic pack/Sprout Lands - Sprites - Basic pack/Objects/Simple_Milk_and_grass_item.png using Guid(772b2ac6aab33f942a263f7aa6d4bf4c) Importer(2089858483,0ecaa5967403d082aa24f35e1b516d23) Generated GUIDs only implemented for interfaces!
 -> (artifact id: '0f8618463e0f4dd61da30b0fd72a9b43') in 0.020168 seconds
Number of updated asset objects reloaded before import = 0
Number of asset objects unloaded after import = 3
========================================================================
Received Import Request.
  Time since last request: 0.000016 seconds.
  path: Assets/Sprout Lands - Sprites - Basic pack/Sprout Lands - Sprites - Basic pack/Tilesets/Water.png
  artifactKey: Guid(2d6eb178387305c40b9b3f5a1e962658) Importer(2089858483,0ecaa5967403d082aa24f35e1b516d23)
Start importing Assets/Sprout Lands - Sprites - Basic pack/Sprout Lands - Sprites - Basic pack/Tilesets/Water.png using Guid(2d6eb178387305c40b9b3f5a1e962658) Importer(2089858483,0ecaa5967403d082aa24f35e1b516d23) Generated GUIDs only implemented for interfaces!
 -> (artifact id: 'd06a61c566d400d02c89160df9a847b1') in 0.022999 seconds
Number of updated asset objects reloaded before import = 0
Number of asset objects unloaded after import = 3
========================================================================
Received Import Request.
  Time since last request: 0.000016 seconds.
  path: Assets/Sprout Lands - Sprites - Basic pack/Sprout Lands - Sprites - Basic pack/Tilesets/Bitmask references 2.png
  artifactKey: Guid(9927bc36b39efd34da53ace3809d216b) Importer(2089858483,0ecaa5967403d082aa24f35e1b516d23)
Start importing Assets/Sprout Lands - Sprites - Basic pack/Sprout Lands - Sprites - Basic pack/Tilesets/Bitmask references 2.png using Guid(9927bc36b39efd34da53ace3809d216b) Importer(2089858483,0ecaa5967403d082aa24f35e1b516d23) Generated GUIDs only implemented for interfaces!
 -> (artifact id: '0b76c78c0418afdcdca5a646faa515f7') in 0.022301 seconds
Number of updated asset objects reloaded before import = 0
Number of asset objects unloaded after import = 3
========================================================================
Received Import Request.
  Time since last request: 0.000015 seconds.
  path: Assets/Sprout Lands - Sprites - Basic pack/Sprout Lands - Sprites - Basic pack/Objects/Wood_Bridge.png
  artifactKey: Guid(fa08bfd092142d94fa43f6566da0ad72) Importer(2089858483,0ecaa5967403d082aa24f35e1b516d23)
Start importing Assets/Sprout Lands - Sprites - Basic pack/Sprout Lands - Sprites - Basic pack/Objects/Wood_Bridge.png using Guid(fa08bfd092142d94fa43f6566da0ad72) Importer(2089858483,0ecaa5967403d082aa24f35e1b516d23) Generated GUIDs only implemented for interfaces!
 -> (artifact id: '6290102e568f17bdabdbfc0e20adb056') in 0.019099 seconds
Number of updated asset objects reloaded before import = 0
Number of asset objects unloaded after import = 3
========================================================================
Received Import Request.
  Time since last request: 0.000027 seconds.
  path: Assets/Sprout Lands - Sprites - Basic pack/Sprout Lands - Sprites - Basic pack/Characters/Tools.png
  artifactKey: Guid(976e7933b47832a49879cacd48f37635) Importer(2089858483,0ecaa5967403d082aa24f35e1b516d23)
Start importing Assets/Sprout Lands - Sprites - Basic pack/Sprout Lands - Sprites - Basic pack/Characters/Tools.png using Guid(976e7933b47832a49879cacd48f37635) Importer(2089858483,0ecaa5967403d082aa24f35e1b516d23) Generated GUIDs only implemented for interfaces!
 -> (artifact id: '2842d585eedc3ca2433f4a792dee5a47') in 0.018076 seconds
Number of updated asset objects reloaded before import = 0
Number of asset objects unloaded after import = 3
========================================================================
Received Import Request.
  Time since last request: 0.000012 seconds.
  path: Assets/Sprout Lands - Sprites - Basic pack/Sprout Lands - Sprites - Basic pack/Sprout Lands color pallet/Sprout Lands defautlt palette.png
  artifactKey: Guid(88d9b76a20203014e81e3c5777e98f8a) Importer(2089858483,0ecaa5967403d082aa24f35e1b516d23)
Start importing Assets/Sprout Lands - Sprites - Basic pack/Sprout Lands - Sprites - Basic pack/Sprout Lands color pallet/Sprout Lands defautlt palette.png using Guid(88d9b76a20203014e81e3c5777e98f8a) Importer(2089858483,0ecaa5967403d082aa24f35e1b516d23) Generated GUIDs only implemented for interfaces!
 -> (artifact id: 'e93802405eebddddd1f9454e791bf4ab') in 0.018937 seconds
Number of updated asset objects reloaded before import = 0
Number of asset objects unloaded after import = 3
========================================================================
Received Prepare
Refreshing native plugins compatible for Editor in 3.53 ms, found 4 plugins.
Preloading 0 native plugins for Editor in 0.00 ms.
Unloading 6 Unused Serialized files (Serialized files now loaded: 0)
Unloading 7 unused Assets / (196.5 KB). Loaded Objects now: 4477.
Memory consumption went from 81.1 MB to 80.9 MB.
Total: 2.777700 ms (FindLiveObjects: 0.236600 ms CreateObjectMapping: 0.114800 ms MarkObjects: 2.310600 ms  DeleteObjects: 0.114500 ms)

Prepare: number of updated asset objects reloaded= 0
AssetImportParameters requested are different than current active one (requested -> active):
  custom:container-demuxer-ogg: 62fdf1f143b41e24485cea50d1cbac27 -> 
  custom:video-codec-MediaFoundation-h265: e54d7ab0439102e2317fc1e4b246158d -> 
  custom:video-decoder-ogg-theora: a1e56fd34408186e4bbccfd4996cb3dc -> 
  custom:framework-win-MediaFoundation: 216162199b28c13a410421893ffa2e32 -> 
  custom:CustomObjectIndexerAttribute: 756ad292c208cfabdd7b50bc23989ffe -> 
  custom:container-demuxer-webm: 4f35f7cbe854078d1ac9338744f61a02 -> 
  custom:container-muxer-webm: aa71ff27fc2769a1b78a27578f13a17b -> 
  custom:video-decoder-webm-vp8: 9c59270c3fd7afecdb556c50c9e8de78 -> 
  custom:SearchIndexIgnoredProperties: e643bd26f0fe6173181afceb89e7c659 -> 
  custom:AudioImporter_EditorPlatform: d09bf68614088b80899f8185d706f6e7 -> 
  custom:video-encoder-webm-vp8: eb34c28f22e8b96e1ab97ce403110664 -> 
  custom:audio-decoder-ogg-vorbis: bf7c407c2cedff20999df2af8eb42d56 -> 
  custom:audio-encoder-webm-vorbis: bf7c407c2cedff20999df2af8eb42d56 -> 
========================================================================
Received Import Request.
  Time since last request: 46.048125 seconds.
  path: Assets/Sprout Lands - Sprites - Basic pack/Sprout Lands - Sprites - Basic pack/Characters/Basic Charakter Spritesheet.png
  artifactKey: Guid(b8008672dd8239e45898991e994027eb) Importer(815301076,1909f56bfc062723c751e8b465ee728b)
Start importing Assets/Sprout Lands - Sprites - Basic pack/Sprout Lands - Sprites - Basic pack/Characters/Basic Charakter Spritesheet.png using Guid(b8008672dd8239e45898991e994027eb) Importer(815301076,1909f56bfc062723c751e8b465ee728b)  -> (artifact id: 'bfae531712815ca5c019e9b043042436') in 0.021151 seconds
Number of updated asset objects reloaded before import = 0
Number of asset objects unloaded after import = 3
========================================================================
Received Import Request.
  Time since last request: 0.000016 seconds.
  path: Assets/Sprout Lands - Sprites - Basic pack/Sprout Lands - Sprites - Basic pack/Characters/Free Cow Sprites.png
  artifactKey: Guid(1de0e73b8814b8d4dad5c23af4392f02) Importer(815301076,1909f56bfc062723c751e8b465ee728b)
Start importing Assets/Sprout Lands - Sprites - Basic pack/Sprout Lands - Sprites - Basic pack/Characters/Free Cow Sprites.png using Guid(1de0e73b8814b8d4dad5c23af4392f02) Importer(815301076,1909f56bfc062723c751e8b465ee728b)  -> (artifact id: '08740e770fbaf7f3eef359267a5d6d71') in 0.019174 seconds
Number of updated asset objects reloaded before import = 0
Number of asset objects unloaded after import = 3
Editor requested this worker to shutdown with reason: Scaling down because of idle timeout
TcpMessagingSession - receive error: operation aborted. errorcode: 995, details: The I/O operation has been aborted because of either a thread exit or an application request.
AssetImportWorker is now disconnected from the server
Process exiting
Exiting without the bug reporter. Application will terminate with return code 0